<?xml version="1.0" encoding="UTF-8"?>
<!-- Generated by org.testng.reporters.JUnitXMLReporter -->
<testsuite ignored="0" hostname="LAPTOP-UC0H6D92" failures="0" tests="3" name="Default test" time="8.877" errors="0" timestamp="2023-10-22T12:37:04 IST">
  <testcase classname="com.greenkart.step.Home" name="launchBrowser" time="6.954"/>
  <testcase classname="com.greenkart.step.Home" name="selectVegiee" time="1.546"/>
  <testcase classname="com.greenkart.step.Home" name="confirmItems" time="0.285"/>
</testsuite> <!-- Default test -->
